00:00:00.000783 main     VirtualBox XPCOM Server 6.1.36 r152435 linux.amd64 (Jul 21 2022 10:08:57) release log
00:00:00.000784 main     Log opened 2022-08-23T02:49:24.644445000Z
00:00:00.000785 main     Build Type: release
00:00:00.000786 main     OS Product: Linux
00:00:00.000786 main     OS Release: 5.19.3-arch1-1
00:00:00.000787 main     OS Version: #1 SMP PREEMPT_DYNAMIC Sun, 21 Aug 2022 18:55:22 +0000
00:00:00.000798 main     DMI Product Name: 81Y4
00:00:00.000801 main     DMI Product Version: IdeaPad Gaming 3 15IMH05
00:00:00.000804 main     Firmware type: UEFI
00:00:00.001611 main     Secure Boot: Disabled
00:00:00.001647 main     Host RAM: 7816MB (7.6GB) total, 3960MB (3.8GB) available
00:00:00.001649 main     Executable: /usr/lib/virtualbox/VBoxSVC
00:00:00.001649 main     Process ID: 16929
00:00:00.001650 main     Package type: LINUX_64BITS_GENERIC (OSE)
00:00:00.002619 main     IPC socket path: /tmp/.vbox-ghd-ipc/ipcd
00:00:00.111421 nspr-2   VirtualBox: object creation starts
00:00:00.111551 nspr-2   Home directory: '/home/ghd/.config/VirtualBox'
00:00:00.112030 nspr-2   Loading settings file "/home/ghd/.config/VirtualBox/VirtualBox.xml" with version "1.12-linux"
00:00:00.143954 nspr-2   NetIfAdpCtlOut: VBoxNetAdpCtl: Error while retrieving link speed for wlp0s20f3: VBoxNetAdpCtl: ioctl failed: Operation not supported
00:00:00.146209 nspr-2   HostDnsMonitor: initializing
00:00:00.146597 nspr-2   NAT: resolv.conf: nameserver 192.168.1.1
00:00:00.146625 nspr-2   HostDnsMonitor: updating information
00:00:00.146650 nspr-2   HostDnsMonitor: old information
00:00:00.146656 nspr-2     no server entries
00:00:00.146661 nspr-2     no domain set
00:00:00.146666 nspr-2     no search string entries
00:00:00.146671 nspr-2   HostDnsMonitor: new information
00:00:00.146675 nspr-2     server 1: 192.168.1.1
00:00:00.146681 nspr-2     no domain set
00:00:00.146685 nspr-2     no search string entries
00:00:00.153904 nspr-2   VD: VDInit finished with VINF_SUCCESS
00:00:00.154412 nspr-2   ERROR [COM]: aRC=NS_ERROR_FAILURE (0x80004005) aIID={027bc463-929c-40e8-bf16-fea557cd8e7e} aComponent={SystemPropertiesWrap} aText={Cannot determine default Guest Additions ISO location. Most likely they are not available}, preserve=false aResultDetail=0
00:00:00.201859 nspr-2   Loading settings file "/home/ghd/me/vms/debi/debi.vbox" with version "1.16-linux"
00:00:00.203390 nspr-2   VirtualBox: object created
00:00:00.646131 nspr-4   WARNING [COM]: aRC=NS_ERROR_FAILURE (0x80004005) aIID={16ced992-5fdc-4aba-aff5-6a39bbd7c38b} aComponent={HostWrap} aText={VirtualBox is not currently allowed to access USB devices.  You can change this by adding your user to the 'vboxusers' group.  Please see the user manual for a more detailed explanation}, preserve=true  aResultDetail=0
00:00:00.914229 nspr-3   WARNING [COM]: aRC=NS_ERROR_FAILURE (0x80004005) aIID={16ced992-5fdc-4aba-aff5-6a39bbd7c38b} aComponent={HostWrap} aText={VirtualBox is not currently allowed to access USB devices.  You can change this by adding your user to the 'vboxusers' group.  Please see the user manual for a more detailed explanation}, preserve=true  aResultDetail=0
00:00:00.914991 nspr-3   WARNING [COM]: aRC=NS_ERROR_FAILURE (0x80004005) aIID={16ced992-5fdc-4aba-aff5-6a39bbd7c38b} aComponent={HostWrap} aText={VirtualBox is not currently allowed to access USB devices.  You can change this by adding your user to the 'vboxusers' group.  Please see the user manual for a more detailed explanation}, preserve=true  aResultDetail=0
00:00:04.637822 nspr-3   Launched VM: 2013275040 pid: 16986 (0x425a) frontend: GUI/Qt name: debi
00:00:04.667124 nspr-3   WARNING [COM]: aRC=NS_ERROR_FAILURE (0x80004005) aIID={16ced992-5fdc-4aba-aff5-6a39bbd7c38b} aComponent={HostWrap} aText={VirtualBox is not currently allowed to access USB devices.  You can change this by adding your user to the 'vboxusers' group.  Please see the user manual for a more detailed explanation}, preserve=true  aResultDetail=0
00:00:04.667562 nspr-3   WARNING [COM]: aRC=NS_ERROR_FAILURE (0x80004005) aIID={16ced992-5fdc-4aba-aff5-6a39bbd7c38b} aComponent={HostWrap} aText={VirtualBox is not currently allowed to access USB devices.  You can change this by adding your user to the 'vboxusers' group.  Please see the user manual for a more detailed explanation}, preserve=true  aResultDetail=0
00:00:04.838797 nspr-6   WARNING [COM]: aRC=NS_ERROR_FAILURE (0x80004005) aIID={16ced992-5fdc-4aba-aff5-6a39bbd7c38b} aComponent={HostWrap} aText={VirtualBox is not currently allowed to access USB devices.  You can change this by adding your user to the 'vboxusers' group.  Please see the user manual for a more detailed explanation}, preserve=true  aResultDetail=0
00:00:04.839359 nspr-6   WARNING [COM]: aRC=NS_ERROR_FAILURE (0x80004005) aIID={16ced992-5fdc-4aba-aff5-6a39bbd7c38b} aComponent={HostWrap} aText={VirtualBox is not currently allowed to access USB devices.  You can change this by adding your user to the 'vboxusers' group.  Please see the user manual for a more detailed explanation}, preserve=true  aResultDetail=0
00:00:05.249382 nspr-6   WARNING [COM]: aRC=NS_ERROR_FAILURE (0x80004005) aIID={16ced992-5fdc-4aba-aff5-6a39bbd7c38b} aComponent={HostWrap} aText={VirtualBox is not currently allowed to access USB devices.  You can change this by adding your user to the 'vboxusers' group.  Please see the user manual for a more detailed explanation}, preserve=true  aResultDetail=0
00:00:05.249915 nspr-2   WARNING [COM]: aRC=NS_ERROR_FAILURE (0x80004005) aIID={16ced992-5fdc-4aba-aff5-6a39bbd7c38b} aComponent={HostWrap} aText={VirtualBox is not currently allowed to access USB devices.  You can change this by adding your user to the 'vboxusers' group.  Please see the user manual for a more detailed explanation}, preserve=true  aResultDetail=0
00:00:05.250052 nspr-2   ERROR [COM]: aRC=VBOX_E_OBJECT_NOT_FOUND (0x80bb0001) aIID={70401eef-c8e9-466b-9660-45cb3e9979e4} aComponent={ExtPackManagerWrap} aText={No extension pack by the name 'Oracle VM VirtualBox Extension Pack' was found}, preserve=false aResultDetail=0
00:00:05.309478 nspr-6   WARNING [COM]: aRC=NS_ERROR_FAILURE (0x80004005) aIID={16ced992-5fdc-4aba-aff5-6a39bbd7c38b} aComponent={HostWrap} aText={VirtualBox is not currently allowed to access USB devices.  You can change this by adding your user to the 'vboxusers' group.  Please see the user manual for a more detailed explanation}, preserve=true  aResultDetail=0
00:00:05.309861 nspr-4   WARNING [COM]: aRC=NS_ERROR_FAILURE (0x80004005) aIID={16ced992-5fdc-4aba-aff5-6a39bbd7c38b} aComponent={HostWrap} aText={VirtualBox is not currently allowed to access USB devices.  You can change this by adding your user to the 'vboxusers' group.  Please see the user manual for a more detailed explanation}, preserve=true  aResultDetail=0
00:00:05.479870 nspr-4   WARNING [COM]: aRC=NS_ERROR_FAILURE (0x80004005) aIID={16ced992-5fdc-4aba-aff5-6a39bbd7c38b} aComponent={HostWrap} aText={VirtualBox is not currently allowed to access USB devices.  You can change this by adding your user to the 'vboxusers' group.  Please see the user manual for a more detailed explanation}, preserve=true  aResultDetail=0
00:00:05.511194 nspr-4   WARNING [COM]: aRC=NS_ERROR_FAILURE (0x80004005) aIID={16ced992-5fdc-4aba-aff5-6a39bbd7c38b} aComponent={HostWrap} aText={VirtualBox is not currently allowed to access USB devices.  You can change this by adding your user to the 'vboxusers' group.  Please see the user manual for a more detailed explanation}, preserve=true  aResultDetail=0
00:00:05.511813 nspr-4   WARNING [COM]: aRC=NS_ERROR_FAILURE (0x80004005) aIID={16ced992-5fdc-4aba-aff5-6a39bbd7c38b} aComponent={HostWrap} aText={VirtualBox is not currently allowed to access USB devices.  You can change this by adding your user to the 'vboxusers' group.  Please see the user manual for a more detailed explanation}, preserve=true  aResultDetail=0
00:00:09.309055 nspr-4   Saving settings file "/home/ghd/me/vms/debi/debi.vbox" with version "1.16-linux"
00:00:09.916512 nspr-4   WARNING [COM]: aRC=NS_ERROR_FAILURE (0x80004005) aIID={16ced992-5fdc-4aba-aff5-6a39bbd7c38b} aComponent={HostWrap} aText={VirtualBox is not currently allowed to access USB devices.  You can change this by adding your user to the 'vboxusers' group.  Please see the user manual for a more detailed explanation}, preserve=true  aResultDetail=0
00:00:09.917154 nspr-4   WARNING [COM]: aRC=NS_ERROR_FAILURE (0x80004005) aIID={16ced992-5fdc-4aba-aff5-6a39bbd7c38b} aComponent={HostWrap} aText={VirtualBox is not currently allowed to access USB devices.  You can change this by adding your user to the 'vboxusers' group.  Please see the user manual for a more detailed explanation}, preserve=true  aResultDetail=0
00:17:57.621096 nspr-5   Saving settings file "/home/ghd/.config/VirtualBox/VirtualBox.xml" with version "1.12-linux"
00:18:00.645185 nspr-6   Saving settings file "/home/ghd/.config/VirtualBox/VirtualBox.xml" with version "1.12-linux"
03:25:42.504631 nspr-2   Saving settings file "/home/ghd/me/vms/debi/debi.vbox" with version "1.16-linux"
03:25:43.326437 SaveState Saving settings file "/home/ghd/me/vms/debi/debi.vbox" with version "1.16-linux"
03:25:43.956226 nspr-7   Saving settings file "/home/ghd/me/vms/debi/debi.vbox" with version "1.16-linux"
03:25:50.064101 main     VirtualBox: object deletion starts
03:25:50.064270 main     ERROR [COM]: aRC=VBOX_E_OBJECT_IN_USE (0x80bb000c) aIID={ad47ad09-787b-44ab-b343-a082a3f2dfb1} aComponent={MediumWrap} aText={Medium '/home/ghd/me/vms/debi/debi.vdi' cannot be closed because it is still attached to 1 virtual machines}, preserve=false aResultDetail=0
03:25:50.065434 main     HostDnsMonitor: shutting down ...
03:25:50.065785 main     HostDnsMonitor: shut down
03:25:50.515457 Watcher  ERROR [COM]: aRC=E_ACCESSDENIED (0x80070005) aIID={d0a0163f-e254-4e5b-a1f2-011cf991c38d} aComponent={VirtualBoxWrap} aText={The object is not ready}, preserve=false aResultDetail=0
03:25:55.065941 main     {00007fe37c017b60} HostPowerServiceLinux::~HostPowerServiceLinux: RTThreadWait() for 5000 ms failed with VERR_TIMEOUT
03:25:55.066773 main     VirtualBox: object deleted
